<?xml version="1.0" encoding="UTF-8"?>
<!-- Generated by org.testng.reporters.JUnitXMLReporter -->
<testsuite ignored="0" hostname="DESKTOP-MNCF89K" failures="0" tests="3" name="Default test" time="0.171" errors="0" timestamp="2025-07-24T17:36:05 IST">
  <testcase classname="helperAttributes.priority" name="bookmyshow" time="0.027"/>
  <testcase classname="helperAttributes.priority" name="flipkart" time="0.012"/>
  <testcase classname="helperAttributes.priority" name="amazon" time="0.014"/>
</testsuite> <!-- Default test -->
