<?xml version="1.0" encoding="UTF-8"?>
<!-- Generated by org.testng.reporters.JUnitXMLReporter -->
<testsuite ignored="4" hostname="DESKTOP-MNCF89K" failures="2" tests="2" name="Test" time="70.205" errors="0" timestamp="2025-07-23T07:13:42 IST">
  <testcase classname="testcase.campaignWithDate" name="campaignDate" time="12.315">
    <failure type="java.lang.AssertionError" message="expected [Campaign Riya17272 Successfully Added] but found [Campaign Riya Successfully Added]">
      <![CDATA[java.lang.AssertionError: expected [Campaign Riya17272 Successfully Added] but found [Campaign Riya Successfully Added]
at testcase.campaignWithDate.campaignDate(campaignWithDate.java:94)
at java.base/java.util.ArrayList.forEach(ArrayList.java:1596)
... Removed 31 stack frames]]>
    </failure>
  </testcase> <!-- campaignDate -->
  <testcase classname="testcase.campaignWitStatus" name="createCampaignStatus" time="6.915">
    <failure type="java.lang.AssertionError" message="expected [Campaign Riya17977 Successfully Added] but found [Campaign Riya Successfully Added]">
      <![CDATA[java.lang.AssertionError: expected [Campaign Riya17977 Successfully Added] but found [Campaign Riya Successfully Added]
at testcase.campaignWitStatus.createCampaignStatus(campaignWitStatus.java:76)
at java.base/java.util.ArrayList.forEach(ArrayList.java:1596)
... Removed 31 stack frames]]>
    </failure>
  </testcase> <!-- createCampaignStatus -->
  <testcase classname="BaseClass.baseClass" name="@AfterTest afterTest" time="0.0">
    <ignored/>
  </testcase> <!-- @AfterTest afterTest -->
  <testcase classname="BaseClass.baseClass" name="@BeforeTest beforeTest" time="0.0">
    <ignored/>
  </testcase> <!-- @BeforeTest beforeTest -->
  <testcase classname="BaseClass.baseClass" name="@AfterSuite afterSuite" time="0.0">
    <ignored/>
  </testcase> <!-- @AfterSuite afterSuite -->
  <testcase classname="BaseClass.baseClass" name="@BeforeSuite beforeSuite" time="0.0">
    <ignored/>
  </testcase> <!-- @BeforeSuite beforeSuite -->
</testsuite> <!-- Test -->
