<?xml version="1.0" encoding="UTF-8"?>
<testng-results ignored="0" total="0" passed="0" failed="0" skipped="0">
  <reporter-output>
    <line>
      <![CDATA[report configuration]]>
    </line>
    <line>
      <![CDATA[DB Connectivity open]]>
    </line>
    <line>
      <![CDATA[===========FailurecreateCampaignStatus===========]]>
    </line>
    <line>
      <![CDATA[===========FailurecreateCampaignStatus===========]]>
    </line>
    <line>
      <![CDATA[===========FailurecampaignDate===========]]>
    </line>
    <line>
      <![CDATA[===========FailurecampaignDate===========]]>
    </line>
  </reporter-output>
  <suite started-at="2025-07-24T18:05:30 IST" name="Suite" finished-at="2025-07-24T18:05:30 IST" duration-ms="0">
    <groups>
      <group name="smoke">
        <method signature="campaignWithDate.campaignDate()[pri:0, instance:testcase.campaignWithDate@40a4337a]" name="campaignDate" class="testcase.campaignWithDate"/>
      </group> <!-- smoke -->
      <group name="sanity">
        <method signature="campaignWitStatus.createCampaignStatus()[pri:0, instance:testcase.campaignWitStatus@3a52dba3]" name="createCampaignStatus" class="testcase.campaignWitStatus"/>
      </group> <!-- sanity -->
    </groups>
  </suite> <!-- Suite -->
</testng-results>
